<?xml version="1.0" encoding="UTF-8"?>
<coverage generated="1764242296355" clover="3.2.0">
  <project timestamp="1764242296355" name="All files">
    <metrics statements="269" coveredstatements="163" conditionals="92" coveredconditionals="45" methods="30" coveredmethods="17" elements="391" coveredelements="225" complexity="0" loc="269" ncloc="269" packages="7" files="9" classes="9"/>
    <package name="src">
      <metrics statements="21" coveredstatements="17" conditionals="0" coveredconditionals="0" methods="4" coveredmethods="1"/>
      <file name="app.js" path="C:\Users\PAES\Desktop\Devs\har-academy\packages\backend\auth-service\src\app.js">
        <metrics statements="21" coveredstatements="17" conditionals="0" coveredconditionals="0" methods="4" coveredmethods="1"/>
        <line num="1" count="1" type="stmt"/>
        <line num="2" count="1" type="stmt"/>
        <line num="3" count="1" type="stmt"/>
        <line num="4" count="1" type="stmt"/>
        <line num="5" count="1" type="stmt"/>
        <line num="6" count="1" type="stmt"/>
        <line num="8" count="1" type="stmt"/>
        <line num="11" count="1" type="stmt"/>
        <line num="12" count="1" type="stmt"/>
        <line num="13" count="71" type="stmt"/>
        <line num="14" count="1" type="stmt"/>
        <line num="15" count="1" type="stmt"/>
        <line num="18" count="1" type="stmt"/>
        <line num="19" count="0" type="stmt"/>
        <line num="23" count="1" type="stmt"/>
        <line num="26" count="1" type="stmt"/>
        <line num="27" count="0" type="stmt"/>
        <line num="34" count="1" type="stmt"/>
        <line num="35" count="0" type="stmt"/>
        <line num="36" count="0" type="stmt"/>
        <line num="42" count="1" type="stmt"/>
      </file>
    </package>
    <package name="src.config">
      <metrics statements="2" coveredstatements="2" conditionals="14" coveredconditionals="8" methods="0" coveredmethods="0"/>
      <file name="index.js" path="C:\Users\PAES\Desktop\Devs\har-academy\packages\backend\auth-service\src\config\index.js">
        <metrics statements="2" coveredstatements="2" conditionals="14" coveredconditionals="8" methods="0" coveredmethods="0"/>
        <line num="1" count="1" type="stmt"/>
        <line num="3" count="1" type="stmt"/>
      </file>
    </package>
    <package name="src.controllers">
      <metrics statements="137" coveredstatements="47" conditionals="54" coveredconditionals="20" methods="10" coveredmethods="4"/>
      <file name="auth.controller.js" path="C:\Users\PAES\Desktop\Devs\har-academy\packages\backend\auth-service\src\controllers\auth.controller.js">
        <metrics statements="137" coveredstatements="47" conditionals="54" coveredconditionals="20" methods="10" coveredmethods="4"/>
        <line num="1" count="1" type="stmt"/>
        <line num="2" count="1" type="stmt"/>
        <line num="3" count="1" type="stmt"/>
        <line num="4" count="1" type="stmt"/>
        <line num="5" count="1" type="stmt"/>
        <line num="10" count="27" type="stmt"/>
        <line num="11" count="27" type="cond" truecount="1" falsecount="1"/>
        <line num="14" count="27" type="stmt"/>
        <line num="15" count="27" type="cond" truecount="1" falsecount="1"/>
        <line num="16" count="0" type="stmt"/>
        <line num="23" count="27" type="stmt"/>
        <line num="26" count="27" type="stmt"/>
        <line num="43" count="27" type="stmt"/>
        <line num="46" count="27" type="stmt"/>
        <line num="47" count="27" type="stmt"/>
        <line num="49" count="27" type="stmt"/>
        <line num="51" count="27" type="stmt"/>
        <line num="60" count="0" type="stmt"/>
        <line num="61" count="0" type="stmt"/>
        <line num="70" count="27" type="stmt"/>
        <line num="71" count="27" type="stmt"/>
        <line num="74" count="27" type="stmt"/>
        <line num="75" count="27" type="cond" truecount="1" falsecount="1"/>
        <line num="76" count="0" type="stmt"/>
        <line num="83" count="27" type="cond" truecount="1" falsecount="1"/>
        <line num="84" count="0" type="stmt"/>
        <line num="91" count="27" type="stmt"/>
        <line num="92" count="27" type="cond" truecount="1" falsecount="1"/>
        <line num="93" count="0" type="stmt"/>
        <line num="100" count="27" type="stmt"/>
        <line num="101" count="27" type="stmt"/>
        <line num="104" count="27" type="stmt"/>
        <line num="105" count="27" type="stmt"/>
        <line num="107" count="27" type="stmt"/>
        <line num="109" count="27" type="stmt"/>
        <line num="118" count="0" type="stmt"/>
        <line num="119" count="0" type="stmt"/>
        <line num="128" count="3" type="stmt"/>
        <line num="129" count="3" type="stmt"/>
        <line num="131" count="3" type="cond" truecount="1" falsecount="1"/>
        <line num="132" count="0" type="stmt"/>
        <line num="138" count="3" type="stmt"/>
        <line num="143" count="0" type="stmt"/>
        <line num="144" count="0" type="stmt"/>
        <line num="153" count="5" type="stmt"/>
        <line num="154" count="5" type="stmt"/>
        <line num="156" count="5" type="stmt"/>
        <line num="157" count="5" type="cond" truecount="1" falsecount="1"/>
        <line num="158" count="0" type="stmt"/>
        <line num="165" count="5" type="cond" truecount="2" falsecount="0"/>
        <line num="166" count="5" type="cond" truecount="2" falsecount="0"/>
        <line num="167" count="5" type="cond" truecount="2" falsecount="0"/>
        <line num="168" count="5" type="cond" truecount="2" falsecount="0"/>
        <line num="171" count="5" type="cond" truecount="2" falsecount="2"/>
        <line num="172" count="0" type="stmt"/>
        <line num="179" count="5" type="cond" truecount="1" falsecount="1"/>
        <line num="180" count="0" type="stmt"/>
        <line num="186" count="5" type="stmt"/>
        <line num="188" count="5" type="stmt"/>
        <line num="190" count="5" type="stmt"/>
        <line num="195" count="0" type="stmt"/>
        <line num="196" count="0" type="stmt"/>
        <line num="205" count="0" type="stmt"/>
        <line num="206" count="0" type="stmt"/>
        <line num="208" count="0" type="stmt"/>
        <line num="209" count="0" type="cond" truecount="0" falsecount="2"/>
        <line num="210" count="0" type="stmt"/>
        <line num="217" count="0" type="stmt"/>
        <line num="218" count="0" type="cond" truecount="0" falsecount="2"/>
        <line num="219" count="0" type="stmt"/>
        <line num="226" count="0" type="stmt"/>
        <line num="227" count="0" type="stmt"/>
        <line num="229" count="0" type="stmt"/>
        <line num="231" count="0" type="stmt"/>
        <line num="236" count="0" type="stmt"/>
        <line num="237" count="0" type="stmt"/>
        <line num="246" count="0" type="stmt"/>
        <line num="247" count="0" type="stmt"/>
        <line num="249" count="0" type="stmt"/>
        <line num="250" count="0" type="cond" truecount="0" falsecount="2"/>
        <line num="252" count="0" type="stmt"/>
        <line num="259" count="0" type="stmt"/>
        <line num="260" count="0" type="stmt"/>
        <line num="261" count="0" type="stmt"/>
        <line num="263" count="0" type="stmt"/>
        <line num="266" count="0" type="stmt"/>
        <line num="268" count="0" type="stmt"/>
        <line num="275" count="0" type="stmt"/>
        <line num="276" count="0" type="stmt"/>
        <line num="285" count="0" type="stmt"/>
        <line num="286" count="0" type="stmt"/>
        <line num="288" count="0" type="stmt"/>
        <line num="293" count="0" type="cond" truecount="0" falsecount="2"/>
        <line num="294" count="0" type="stmt"/>
        <line num="301" count="0" type="stmt"/>
        <line num="302" count="0" type="stmt"/>
        <line num="303" count="0" type="stmt"/>
        <line num="305" count="0" type="stmt"/>
        <line num="307" count="0" type="stmt"/>
        <line num="309" count="0" type="stmt"/>
        <line num="314" count="0" type="stmt"/>
        <line num="315" count="0" type="stmt"/>
        <line num="324" count="0" type="stmt"/>
        <line num="325" count="0" type="stmt"/>
        <line num="327" count="0" type="stmt"/>
        <line num="328" count="0" type="cond" truecount="0" falsecount="2"/>
        <line num="329" count="0" type="stmt"/>
        <line num="335" count="0" type="stmt"/>
        <line num="336" count="0" type="stmt"/>
        <line num="337" count="0" type="stmt"/>
        <line num="339" count="0" type="stmt"/>
        <line num="341" count="0" type="stmt"/>
        <line num="346" count="0" type="stmt"/>
        <line num="347" count="0" type="stmt"/>
        <line num="356" count="0" type="stmt"/>
        <line num="357" count="0" type="stmt"/>
        <line num="359" count="0" type="cond" truecount="0" falsecount="2"/>
        <line num="360" count="0" type="stmt"/>
        <line num="366" count="0" type="stmt"/>
        <line num="367" count="0" type="stmt"/>
        <line num="369" count="0" type="cond" truecount="0" falsecount="4"/>
        <line num="370" count="0" type="stmt"/>
        <line num="376" count="0" type="stmt"/>
        <line num="389" count="0" type="stmt"/>
        <line num="398" count="0" type="stmt"/>
        <line num="399" count="0" type="stmt"/>
        <line num="401" count="0" type="cond" truecount="0" falsecount="2"/>
        <line num="402" count="0" type="stmt"/>
        <line num="408" count="0" type="stmt"/>
        <line num="409" count="0" type="stmt"/>
        <line num="411" count="0" type="cond" truecount="0" falsecount="4"/>
        <line num="412" count="0" type="stmt"/>
        <line num="418" count="0" type="stmt"/>
        <line num="419" count="0" type="stmt"/>
        <line num="421" count="0" type="stmt"/>
        <line num="429" count="0" type="stmt"/>
        <line num="437" count="1" type="stmt"/>
      </file>
    </package>
    <package name="src.middleware">
      <metrics statements="31" coveredstatements="25" conditionals="12" coveredconditionals="8" methods="6" coveredmethods="4"/>
      <file name="auth.js" path="C:\Users\PAES\Desktop\Devs\har-academy\packages\backend\auth-service\src\middleware\auth.js">
        <metrics statements="23" coveredstatements="17" conditionals="10" coveredconditionals="6" methods="3" coveredmethods="1"/>
        <line num="1" count="1" type="stmt"/>
        <line num="2" count="1" type="stmt"/>
        <line num="3" count="1" type="stmt"/>
        <line num="5" count="1" type="stmt"/>
        <line num="6" count="17" type="stmt"/>
        <line num="7" count="17" type="stmt"/>
        <line num="9" count="17" type="cond" truecount="2" falsecount="0"/>
        <line num="10" count="3" type="stmt"/>
        <line num="16" count="14" type="stmt"/>
        <line num="19" count="12" type="stmt"/>
        <line num="20" count="12" type="cond" truecount="4" falsecount="0"/>
        <line num="21" count="1" type="stmt"/>
        <line num="27" count="11" type="stmt"/>
        <line num="28" count="11" type="stmt"/>
        <line num="30" count="2" type="stmt"/>
        <line num="37" count="1" type="stmt"/>
        <line num="38" count="0" type="stmt"/>
        <line num="39" count="0" type="cond" truecount="0" falsecount="2"/>
        <line num="40" count="0" type="stmt"/>
        <line num="46" count="0" type="cond" truecount="0" falsecount="2"/>
        <line num="47" count="0" type="stmt"/>
        <line num="53" count="0" type="stmt"/>
        <line num="57" count="1" type="stmt"/>
      </file>
      <file name="validation.js" path="C:\Users\PAES\Desktop\Devs\har-academy\packages\backend\auth-service\src\middleware\validation.js">
        <metrics statements="8" coveredstatements="8" conditionals="2" coveredconditionals="2" methods="3" coveredmethods="3"/>
        <line num="1" count="1" type="stmt"/>
        <line num="2" count="8" type="stmt"/>
        <line num="3" count="62" type="stmt"/>
        <line num="5" count="62" type="cond" truecount="2" falsecount="0"/>
        <line num="6" count="3" type="stmt"/>
        <line num="11" count="3" type="stmt"/>
        <line num="20" count="59" type="stmt"/>
        <line num="24" count="1" type="stmt"/>
      </file>
    </package>
    <package name="src.models">
      <metrics statements="48" coveredstatements="42" conditionals="8" coveredconditionals="6" methods="9" coveredmethods="7"/>
      <file name="index.js" path="C:\Users\PAES\Desktop\Devs\har-academy\packages\backend\auth-service\src\models\index.js">
        <metrics statements="11" coveredstatements="6" conditionals="0" coveredconditionals="0" methods="1" coveredmethods="0"/>
        <line num="1" count="1" type="stmt"/>
        <line num="2" count="1" type="stmt"/>
        <line num="3" count="1" type="stmt"/>
        <line num="5" count="1" type="stmt"/>
        <line num="6" count="0" type="stmt"/>
        <line num="7" count="0" type="stmt"/>
        <line num="11" count="0" type="stmt"/>
        <line num="13" count="0" type="stmt"/>
        <line num="14" count="0" type="stmt"/>
        <line num="19" count="1" type="stmt"/>
        <line num="21" count="1" type="stmt"/>
      </file>
      <file name="user.js" path="C:\Users\PAES\Desktop\Devs\har-academy\packages\backend\auth-service\src\models\user.js">
        <metrics statements="37" coveredstatements="36" conditionals="8" coveredconditionals="6" methods="8" coveredmethods="7"/>
        <line num="1" count="1" type="stmt"/>
        <line num="2" count="1" type="stmt"/>
        <line num="3" count="1" type="stmt"/>
        <line num="5" count="1" type="stmt"/>
        <line num="13" count="59" type="stmt"/>
        <line num="101" count="1" type="stmt"/>
        <line num="102" count="1" type="stmt"/>
        <line num="103" count="1" type="stmt"/>
        <line num="104" count="1" type="stmt"/>
        <line num="105" count="1" type="stmt"/>
        <line num="106" count="1" type="stmt"/>
        <line num="109" count="1" type="stmt"/>
        <line num="110" count="59" type="cond" truecount="2" falsecount="0"/>
        <line num="111" count="27" type="stmt"/>
        <line num="113" count="59" type="stmt"/>
        <line num="114" count="59" type="stmt"/>
        <line num="118" count="1" type="stmt"/>
        <line num="119" count="27" type="stmt"/>
        <line num="123" count="1" type="stmt"/>
        <line num="124" count="54" type="stmt"/>
        <line num="138" count="1" type="stmt"/>
        <line num="139" count="54" type="stmt"/>
        <line num="149" count="1" type="stmt"/>
        <line num="150" count="0" type="stmt"/>
        <line num="161" count="1" type="stmt"/>
        <line num="162" count="54" type="stmt"/>
        <line num="166" count="1" type="stmt"/>
        <line num="169" count="1" type="stmt"/>
        <line num="170" count="62" type="stmt"/>
        <line num="171" count="62" type="stmt"/>
        <line num="172" count="62" type="stmt"/>
        <line num="173" count="62" type="stmt"/>
        <line num="174" count="62" type="stmt"/>
        <line num="175" count="62" type="stmt"/>
        <line num="176" count="62" type="stmt"/>
        <line num="179" count="1" type="stmt"/>
        <line num="181" count="1" type="stmt"/>
      </file>
    </package>
    <package name="src.routes">
      <metrics statements="25" coveredstatements="25" conditionals="0" coveredconditionals="0" methods="0" coveredmethods="0"/>
      <file name="auth.routes.js" path="C:\Users\PAES\Desktop\Devs\har-academy\packages\backend\auth-service\src\routes\auth.routes.js">
        <metrics statements="25" coveredstatements="25" conditionals="0" coveredconditionals="0" methods="0" coveredmethods="0"/>
        <line num="1" count="1" type="stmt"/>
        <line num="2" count="1" type="stmt"/>
        <line num="3" count="1" type="stmt"/>
        <line num="4" count="1" type="stmt"/>
        <line num="5" count="1" type="stmt"/>
        <line num="6" count="1" type="stmt"/>
        <line num="9" count="1" type="stmt"/>
        <line num="18" count="1" type="stmt"/>
        <line num="23" count="1" type="stmt"/>
        <line num="40" count="1" type="stmt"/>
        <line num="45" count="1" type="stmt"/>
        <line num="49" count="1" type="stmt"/>
        <line num="54" count="1" type="stmt"/>
        <line num="58" count="1" type="stmt"/>
        <line num="63" count="1" type="stmt"/>
        <line num="64" count="1" type="stmt"/>
        <line num="65" count="1" type="stmt"/>
        <line num="66" count="1" type="stmt"/>
        <line num="67" count="1" type="stmt"/>
        <line num="68" count="1" type="stmt"/>
        <line num="69" count="1" type="stmt"/>
        <line num="72" count="1" type="stmt"/>
        <line num="73" count="1" type="stmt"/>
        <line num="74" count="1" type="stmt"/>
        <line num="76" count="1" type="stmt"/>
      </file>
    </package>
    <package name="src.utils">
      <metrics statements="5" coveredstatements="5" conditionals="4" coveredconditionals="3" methods="1" coveredmethods="1"/>
      <file name="logger.js" path="C:\Users\PAES\Desktop\Devs\har-academy\packages\backend\auth-service\src\utils\logger.js">
        <metrics statements="5" coveredstatements="5" conditionals="4" coveredconditionals="3" methods="1" coveredmethods="1"/>
        <line num="1" count="1" type="stmt"/>
        <line num="2" count="1" type="stmt"/>
        <line num="4" count="1" type="stmt"/>
        <line num="17" count="130" type="stmt"/>
        <line num="26" count="1" type="stmt"/>
      </file>
    </package>
  </project>
</coverage>
