{"C:\\Users\\PAES\\Desktop\\Devs\\har-academy\\packages\\backend\\auth-service\\src\\app.js": {"path":"C:\\Users\\PAES\\Desktop\\Devs\\har-academy\\packages\\backend\\auth-service\\src\\app.js","statementMap":{"0":{"start":{"line":1,"column":16},"end":{"line":1,"column":34}},"1":{"start":{"line":2,"column":13},"end":{"line":2,"column":28}},"2":{"start":{"line":3,"column":15},"end":{"line":3,"column":32}},"3":{"start":{"line":4,"column":15},"end":{"line":4,"column":32}},"4":{"start":{"line":5,"column":19},"end":{"line":5,"column":50}},"5":{"start":{"line":6,"column":15},"end":{"line":6,"column":40}},"6":{"start":{"line":8,"column":12},"end":{"line":8,"column":21}},"7":{"start":{"line":11,"column":0},"end":{"line":11,"column":18}},"8":{"start":{"line":12,"column":0},"end":{"line":12,"column":16}},"9":{"start":{"line":13,"column":0},"end":{"line":13,"column":91}},"10":{"start":{"line":13,"column":57},"end":{"line":13,"column":84}},"11":{"start":{"line":14,"column":0},"end":{"line":14,"column":24}},"12":{"start":{"line":15,"column":0},"end":{"line":15,"column":48}},"13":{"start":{"line":18,"column":0},"end":{"line":20,"column":3}},"14":{"start":{"line":19,"column":2},"end":{"line":19,"column":54}},"15":{"start":{"line":23,"column":0},"end":{"line":23,"column":36}},"16":{"start":{"line":26,"column":0},"end":{"line":31,"column":3}},"17":{"start":{"line":27,"column":2},"end":{"line":30,"column":5}},"18":{"start":{"line":34,"column":0},"end":{"line":40,"column":3}},"19":{"start":{"line":35,"column":2},"end":{"line":35,"column":40}},"20":{"start":{"line":36,"column":2},"end":{"line":39,"column":5}},"21":{"start":{"line":42,"column":0},"end":{"line":42,"column":21}}},"fnMap":{"0":{"name":"(anonymous_0)","decl":{"start":{"line":13,"column":46},"end":{"line":13,"column":47}},"loc":{"start":{"line":13,"column":57},"end":{"line":13,"column":84}},"line":13},"1":{"name":"(anonymous_1)","decl":{"start":{"line":18,"column":19},"end":{"line":18,"column":20}},"loc":{"start":{"line":18,"column":33},"end":{"line":20,"column":1}},"line":18},"2":{"name":"(anonymous_2)","decl":{"start":{"line":26,"column":8},"end":{"line":26,"column":9}},"loc":{"start":{"line":26,"column":22},"end":{"line":31,"column":1}},"line":26},"3":{"name":"(anonymous_3)","decl":{"start":{"line":34,"column":8},"end":{"line":34,"column":9}},"loc":{"start":{"line":34,"column":33},"end":{"line":40,"column":1}},"line":34}},"branchMap":{},"s":{"0":1,"1":1,"2":1,"3":1,"4":1,"5":1,"6":1,"7":1,"8":1,"9":1,"10":71,"11":1,"12":1,"13":1,"14":0,"15":1,"16":1,"17":0,"18":1,"19":0,"20":0,"21":1},"f":{"0":71,"1":0,"2":0,"3":0},"b":{},"_coverageSchema":"1a1c01bbd47fc00a2c39e90264f33305004495a9","hash":"e571164a61fde4755761b3d1f579c1f8752f9b8f"}
,"C:\\Users\\PAES\\Desktop\\Devs\\har-academy\\packages\\backend\\auth-service\\src\\config\\index.js": {"path":"C:\\Users\\PAES\\Desktop\\Devs\\har-academy\\packages\\backend\\auth-service\\src\\config\\index.js","statementMap":{"0":{"start":{"line":1,"column":0},"end":{"line":1,"column":27}},"1":{"start":{"line":3,"column":0},"end":{"line":19,"column":2}}},"fnMap":{},"branchMap":{"0":{"loc":{"start":{"line":4,"column":8},"end":{"line":4,"column":32}},"type":"binary-expr","locations":[{"start":{"line":4,"column":8},"end":{"line":4,"column":24}},{"start":{"line":4,"column":28},"end":{"line":4,"column":32}}],"line":4},"1":{"loc":{"start":{"line":5,"column":11},"end":{"line":5,"column":48}},"type":"binary-expr","locations":[{"start":{"line":5,"column":11},"end":{"line":5,"column":31}},{"start":{"line":5,"column":35},"end":{"line":5,"column":48}}],"line":5},"2":{"loc":{"start":{"line":6,"column":12},"end":{"line":6,"column":73}},"type":"binary-expr","locations":[{"start":{"line":6,"column":12},"end":{"line":6,"column":33}},{"start":{"line":6,"column":37},"end":{"line":6,"column":73}}],"line":6},"3":{"loc":{"start":{"line":8,"column":12},"end":{"line":8,"column":55}},"type":"binary-expr","locations":[{"start":{"line":8,"column":12},"end":{"line":8,"column":34}},{"start":{"line":8,"column":38},"end":{"line":8,"column":55}}],"line":8},"4":{"loc":{"start":{"line":9,"column":19},"end":{"line":9,"column":74}},"type":"binary-expr","locations":[{"start":{"line":9,"column":19},"end":{"line":9,"column":49}},{"start":{"line":9,"column":53},"end":{"line":9,"column":74}}],"line":9},"5":{"loc":{"start":{"line":10,"column":15},"end":{"line":10,"column":49}},"type":"binary-expr","locations":[{"start":{"line":10,"column":15},"end":{"line":10,"column":41}},{"start":{"line":10,"column":45},"end":{"line":10,"column":49}}],"line":10},"6":{"loc":{"start":{"line":13,"column":10},"end":{"line":13,"column":61}},"type":"binary-expr","locations":[{"start":{"line":13,"column":10},"end":{"line":13,"column":32}},{"start":{"line":13,"column":36},"end":{"line":13,"column":61}}],"line":13}},"s":{"0":1,"1":1},"f":{},"b":{"0":[1,0],"1":[1,0],"2":[1,0],"3":[1,0],"4":[1,0],"5":[1,0],"6":[1,1]},"_coverageSchema":"1a1c01bbd47fc00a2c39e90264f33305004495a9","hash":"68380afe5190a3654f6bd6258fd3b2a70e2bcc9f"}
,"C:\\Users\\PAES\\Desktop\\Devs\\har-academy\\packages\\backend\\auth-service\\src\\controllers\\auth.controller.js": {"path":"C:\\Users\\PAES\\Desktop\\Devs\\har-academy\\packages\\backend\\auth-service\\src\\controllers\\auth.controller.js","statementMap":{"0":{"start":{"line":1,"column":17},"end":{"line":1,"column":37}},"1":{"start":{"line":2,"column":15},"end":{"line":2,"column":32}},"2":{"start":{"line":3,"column":12},"end":{"line":3,"column":35}},"3":{"start":{"line":4,"column":15},"end":{"line":4,"column":35}},"4":{"start":{"line":5,"column":15},"end":{"line":5,"column":41}},"5":{"start":{"line":10,"column":4},"end":{"line":65,"column":5}},"6":{"start":{"line":11,"column":92},"end":{"line":11,"column":100}},"7":{"start":{"line":14,"column":27},"end":{"line":14,"column":56}},"8":{"start":{"line":15,"column":6},"end":{"line":20,"column":7}},"9":{"start":{"line":16,"column":8},"end":{"line":19,"column":11}},"10":{"start":{"line":23,"column":33},"end":{"line":23,"column":71}},"11":{"start":{"line":26,"column":19},"end":{"line":41,"column":8}},"12":{"start":{"line":43,"column":6},"end":{"line":43,"column":24}},"13":{"start":{"line":46,"column":20},"end":{"line":46,"column":44}},"14":{"start":{"line":47,"column":27},"end":{"line":47,"column":54}},"15":{"start":{"line":49,"column":6},"end":{"line":49,"column":52}},"16":{"start":{"line":51,"column":6},"end":{"line":58,"column":9}},"17":{"start":{"line":60,"column":6},"end":{"line":60,"column":50}},"18":{"start":{"line":61,"column":6},"end":{"line":64,"column":9}},"19":{"start":{"line":70,"column":4},"end":{"line":123,"column":5}},"20":{"start":{"line":71,"column":34},"end":{"line":71,"column":42}},"21":{"start":{"line":74,"column":19},"end":{"line":74,"column":48}},"22":{"start":{"line":75,"column":6},"end":{"line":80,"column":7}},"23":{"start":{"line":76,"column":8},"end":{"line":79,"column":11}},"24":{"start":{"line":83,"column":6},"end":{"line":88,"column":7}},"25":{"start":{"line":84,"column":8},"end":{"line":87,"column":11}},"26":{"start":{"line":91,"column":22},"end":{"line":91,"column":58}},"27":{"start":{"line":92,"column":6},"end":{"line":97,"column":7}},"28":{"start":{"line":93,"column":8},"end":{"line":96,"column":11}},"29":{"start":{"line":100,"column":6},"end":{"line":100,"column":38}},"30":{"start":{"line":101,"column":6},"end":{"line":101,"column":24}},"31":{"start":{"line":104,"column":20},"end":{"line":104,"column":44}},"32":{"start":{"line":105,"column":27},"end":{"line":105,"column":54}},"33":{"start":{"line":107,"column":6},"end":{"line":107,"column":51}},"34":{"start":{"line":109,"column":6},"end":{"line":116,"column":9}},"35":{"start":{"line":118,"column":6},"end":{"line":118,"column":43}},"36":{"start":{"line":119,"column":6},"end":{"line":122,"column":9}},"37":{"start":{"line":128,"column":4},"end":{"line":148,"column":5}},"38":{"start":{"line":129,"column":19},"end":{"line":129,"column":56}},"39":{"start":{"line":131,"column":6},"end":{"line":136,"column":7}},"40":{"start":{"line":132,"column":8},"end":{"line":135,"column":11}},"41":{"start":{"line":138,"column":6},"end":{"line":141,"column":9}},"42":{"start":{"line":143,"column":6},"end":{"line":143,"column":51}},"43":{"start":{"line":144,"column":6},"end":{"line":147,"column":9}},"44":{"start":{"line":153,"column":4},"end":{"line":200,"column":5}},"45":{"start":{"line":154,"column":102},"end":{"line":154,"column":110}},"46":{"start":{"line":156,"column":19},"end":{"line":156,"column":56}},"47":{"start":{"line":157,"column":6},"end":{"line":162,"column":7}},"48":{"start":{"line":158,"column":8},"end":{"line":161,"column":11}},"49":{"start":{"line":165,"column":6},"end":{"line":165,"column":51}},"50":{"start":{"line":165,"column":22},"end":{"line":165,"column":51}},"51":{"start":{"line":166,"column":6},"end":{"line":166,"column":48}},"52":{"start":{"line":166,"column":21},"end":{"line":166,"column":48}},"53":{"start":{"line":167,"column":6},"end":{"line":167,"column":51}},"54":{"start":{"line":167,"column":22},"end":{"line":167,"column":51}},"55":{"start":{"line":168,"column":6},"end":{"line":168,"column":45}},"56":{"start":{"line":168,"column":20},"end":{"line":168,"column":45}},"57":{"start":{"line":171,"column":6},"end":{"line":176,"column":7}},"58":{"start":{"line":172,"column":8},"end":{"line":175,"column":10}},"59":{"start":{"line":179,"column":6},"end":{"line":184,"column":7}},"60":{"start":{"line":180,"column":8},"end":{"line":183,"column":10}},"61":{"start":{"line":186,"column":6},"end":{"line":186,"column":24}},"62":{"start":{"line":188,"column":6},"end":{"line":188,"column":52}},"63":{"start":{"line":190,"column":6},"end":{"line":193,"column":9}},"64":{"start":{"line":195,"column":6},"end":{"line":195,"column":52}},"65":{"start":{"line":196,"column":6},"end":{"line":199,"column":9}},"66":{"start":{"line":205,"column":4},"end":{"line":241,"column":5}},"67":{"start":{"line":206,"column":47},"end":{"line":206,"column":55}},"68":{"start":{"line":208,"column":19},"end":{"line":208,"column":56}},"69":{"start":{"line":209,"column":6},"end":{"line":214,"column":7}},"70":{"start":{"line":210,"column":8},"end":{"line":213,"column":11}},"71":{"start":{"line":217,"column":22},"end":{"line":217,"column":65}},"72":{"start":{"line":218,"column":6},"end":{"line":223,"column":7}},"73":{"start":{"line":219,"column":8},"end":{"line":222,"column":11}},"74":{"start":{"line":226,"column":6},"end":{"line":226,"column":39}},"75":{"start":{"line":227,"column":6},"end":{"line":227,"column":24}},"76":{"start":{"line":229,"column":6},"end":{"line":229,"column":53}},"77":{"start":{"line":231,"column":6},"end":{"line":234,"column":9}},"78":{"start":{"line":236,"column":6},"end":{"line":236,"column":53}},"79":{"start":{"line":237,"column":6},"end":{"line":240,"column":9}},"80":{"start":{"line":246,"column":4},"end":{"line":280,"column":5}},"81":{"start":{"line":247,"column":24},"end":{"line":247,"column":32}},"82":{"start":{"line":249,"column":19},"end":{"line":249,"column":48}},"83":{"start":{"line":250,"column":6},"end":{"line":256,"column":7}},"84":{"start":{"line":252,"column":8},"end":{"line":255,"column":11}},"85":{"start":{"line":259,"column":25},"end":{"line":259,"column":63}},"86":{"start":{"line":260,"column":6},"end":{"line":260,"column":45}},"87":{"start":{"line":261,"column":6},"end":{"line":261,"column":67}},"88":{"start":{"line":263,"column":6},"end":{"line":263,"column":24}},"89":{"start":{"line":266,"column":6},"end":{"line":266,"column":61}},"90":{"start":{"line":268,"column":6},"end":{"line":273,"column":9}},"91":{"start":{"line":275,"column":6},"end":{"line":275,"column":60}},"92":{"start":{"line":276,"column":6},"end":{"line":279,"column":9}},"93":{"start":{"line":285,"column":4},"end":{"line":319,"column":5}},"94":{"start":{"line":286,"column":37},"end":{"line":286,"column":45}},"95":{"start":{"line":288,"column":19},"end":{"line":291,"column":8}},"96":{"start":{"line":293,"column":6},"end":{"line":298,"column":7}},"97":{"start":{"line":294,"column":8},"end":{"line":297,"column":11}},"98":{"start":{"line":301,"column":6},"end":{"line":301,"column":39}},"99":{"start":{"line":302,"column":6},"end":{"line":302,"column":39}},"100":{"start":{"line":303,"column":6},"end":{"line":303,"column":41}},"101":{"start":{"line":305,"column":6},"end":{"line":305,"column":24}},"102":{"start":{"line":307,"column":6},"end":{"line":307,"column":61}},"103":{"start":{"line":309,"column":6},"end":{"line":312,"column":9}},"104":{"start":{"line":314,"column":6},"end":{"line":314,"column":52}},"105":{"start":{"line":315,"column":6},"end":{"line":318,"column":9}},"106":{"start":{"line":324,"column":4},"end":{"line":351,"column":5}},"107":{"start":{"line":325,"column":24},"end":{"line":325,"column":32}},"108":{"start":{"line":327,"column":19},"end":{"line":327,"column":68}},"109":{"start":{"line":328,"column":6},"end":{"line":333,"column":7}},"110":{"start":{"line":329,"column":8},"end":{"line":332,"column":11}},"111":{"start":{"line":335,"column":6},"end":{"line":335,"column":30}},"112":{"start":{"line":336,"column":6},"end":{"line":336,"column":37}},"113":{"start":{"line":337,"column":6},"end":{"line":337,"column":24}},"114":{"start":{"line":339,"column":6},"end":{"line":339,"column":51}},"115":{"start":{"line":341,"column":6},"end":{"line":344,"column":9}},"116":{"start":{"line":346,"column":6},"end":{"line":346,"column":56}},"117":{"start":{"line":347,"column":6},"end":{"line":350,"column":9}},"118":{"start":{"line":356,"column":4},"end":{"line":393,"column":5}},"119":{"start":{"line":357,"column":20},"end":{"line":357,"column":69}},"120":{"start":{"line":359,"column":6},"end":{"line":364,"column":7}},"121":{"start":{"line":360,"column":8},"end":{"line":363,"column":11}},"122":{"start":{"line":366,"column":22},"end":{"line":366,"column":58}},"123":{"start":{"line":367,"column":19},"end":{"line":367,"column":50}},"124":{"start":{"line":369,"column":6},"end":{"line":374,"column":7}},"125":{"start":{"line":370,"column":8},"end":{"line":373,"column":11}},"126":{"start":{"line":376,"column":6},"end":{"line":387,"column":9}},"127":{"start":{"line":389,"column":6},"end":{"line":392,"column":9}},"128":{"start":{"line":398,"column":4},"end":{"line":433,"column":5}},"129":{"start":{"line":399,"column":31},"end":{"line":399,"column":39}},"130":{"start":{"line":401,"column":6},"end":{"line":406,"column":7}},"131":{"start":{"line":402,"column":8},"end":{"line":405,"column":11}},"132":{"start":{"line":408,"column":22},"end":{"line":408,"column":72}},"133":{"start":{"line":409,"column":19},"end":{"line":409,"column":50}},"134":{"start":{"line":411,"column":6},"end":{"line":416,"column":7}},"135":{"start":{"line":412,"column":8},"end":{"line":415,"column":11}},"136":{"start":{"line":418,"column":23},"end":{"line":418,"column":47}},"137":{"start":{"line":419,"column":30},"end":{"line":419,"column":57}},"138":{"start":{"line":421,"column":6},"end":{"line":427,"column":9}},"139":{"start":{"line":429,"column":6},"end":{"line":432,"column":9}},"140":{"start":{"line":437,"column":0},"end":{"line":437,"column":38}}},"fnMap":{"0":{"name":"(anonymous_0)","decl":{"start":{"line":9,"column":2},"end":{"line":9,"column":3}},"loc":{"start":{"line":9,"column":27},"end":{"line":66,"column":3}},"line":9},"1":{"name":"(anonymous_1)","decl":{"start":{"line":69,"column":2},"end":{"line":69,"column":3}},"loc":{"start":{"line":69,"column":24},"end":{"line":124,"column":3}},"line":69},"2":{"name":"(anonymous_2)","decl":{"start":{"line":127,"column":2},"end":{"line":127,"column":3}},"loc":{"start":{"line":127,"column":24},"end":{"line":149,"column":3}},"line":127},"3":{"name":"(anonymous_3)","decl":{"start":{"line":152,"column":2},"end":{"line":152,"column":3}},"loc":{"start":{"line":152,"column":32},"end":{"line":201,"column":3}},"line":152},"4":{"name":"(anonymous_4)","decl":{"start":{"line":204,"column":2},"end":{"line":204,"column":3}},"loc":{"start":{"line":204,"column":33},"end":{"line":242,"column":3}},"line":204},"5":{"name":"(anonymous_5)","decl":{"start":{"line":245,"column":2},"end":{"line":245,"column":3}},"loc":{"start":{"line":245,"column":39},"end":{"line":281,"column":3}},"line":245},"6":{"name":"(anonymous_6)","decl":{"start":{"line":284,"column":2},"end":{"line":284,"column":3}},"loc":{"start":{"line":284,"column":32},"end":{"line":320,"column":3}},"line":284},"7":{"name":"(anonymous_7)","decl":{"start":{"line":323,"column":2},"end":{"line":323,"column":3}},"loc":{"start":{"line":323,"column":30},"end":{"line":352,"column":3}},"line":323},"8":{"name":"(anonymous_8)","decl":{"start":{"line":355,"column":2},"end":{"line":355,"column":3}},"loc":{"start":{"line":355,"column":28},"end":{"line":394,"column":3}},"line":355},"9":{"name":"(anonymous_9)","decl":{"start":{"line":397,"column":2},"end":{"line":397,"column":3}},"loc":{"start":{"line":397,"column":31},"end":{"line":434,"column":3}},"line":397}},"branchMap":{"0":{"loc":{"start":{"line":11,"column":54},"end":{"line":11,"column":70}},"type":"default-arg","locations":[{"start":{"line":11,"column":61},"end":{"line":11,"column":70}}],"line":11},"1":{"loc":{"start":{"line":11,"column":72},"end":{"line":11,"column":87}},"type":"default-arg","locations":[{"start":{"line":11,"column":83},"end":{"line":11,"column":87}}],"line":11},"2":{"loc":{"start":{"line":15,"column":6},"end":{"line":20,"column":7}},"type":"if","locations":[{"start":{"line":15,"column":6},"end":{"line":20,"column":7}},{"start":{},"end":{}}],"line":15},"3":{"loc":{"start":{"line":34,"column":25},"end":{"line":40,"column":21}},"type":"cond-expr","locations":[{"start":{"line":34,"column":49},"end":{"line":40,"column":9}},{"start":{"line":40,"column":12},"end":{"line":40,"column":21}}],"line":34},"4":{"loc":{"start":{"line":75,"column":6},"end":{"line":80,"column":7}},"type":"if","locations":[{"start":{"line":75,"column":6},"end":{"line":80,"column":7}},{"start":{},"end":{}}],"line":75},"5":{"loc":{"start":{"line":83,"column":6},"end":{"line":88,"column":7}},"type":"if","locations":[{"start":{"line":83,"column":6},"end":{"line":88,"column":7}},{"start":{},"end":{}}],"line":83},"6":{"loc":{"start":{"line":92,"column":6},"end":{"line":97,"column":7}},"type":"if","locations":[{"start":{"line":92,"column":6},"end":{"line":97,"column":7}},{"start":{},"end":{}}],"line":92},"7":{"loc":{"start":{"line":131,"column":6},"end":{"line":136,"column":7}},"type":"if","locations":[{"start":{"line":131,"column":6},"end":{"line":136,"column":7}},{"start":{},"end":{}}],"line":131},"8":{"loc":{"start":{"line":157,"column":6},"end":{"line":162,"column":7}},"type":"if","locations":[{"start":{"line":157,"column":6},"end":{"line":162,"column":7}},{"start":{},"end":{}}],"line":157},"9":{"loc":{"start":{"line":165,"column":6},"end":{"line":165,"column":51}},"type":"if","locations":[{"start":{"line":165,"column":6},"end":{"line":165,"column":51}},{"start":{},"end":{}}],"line":165},"10":{"loc":{"start":{"line":166,"column":6},"end":{"line":166,"column":48}},"type":"if","locations":[{"start":{"line":166,"column":6},"end":{"line":166,"column":48}},{"start":{},"end":{}}],"line":166},"11":{"loc":{"start":{"line":167,"column":6},"end":{"line":167,"column":51}},"type":"if","locations":[{"start":{"line":167,"column":6},"end":{"line":167,"column":51}},{"start":{},"end":{}}],"line":167},"12":{"loc":{"start":{"line":168,"column":6},"end":{"line":168,"column":45}},"type":"if","locations":[{"start":{"line":168,"column":6},"end":{"line":168,"column":45}},{"start":{},"end":{}}],"line":168},"13":{"loc":{"start":{"line":171,"column":6},"end":{"line":176,"column":7}},"type":"if","locations":[{"start":{"line":171,"column":6},"end":{"line":176,"column":7}},{"start":{},"end":{}}],"line":171},"14":{"loc":{"start":{"line":171,"column":10},"end":{"line":171,"column":55}},"type":"binary-expr","locations":[{"start":{"line":171,"column":10},"end":{"line":171,"column":25}},{"start":{"line":171,"column":29},"end":{"line":171,"column":55}}],"line":171},"15":{"loc":{"start":{"line":179,"column":6},"end":{"line":184,"column":7}},"type":"if","locations":[{"start":{"line":179,"column":6},"end":{"line":184,"column":7}},{"start":{},"end":{}}],"line":179},"16":{"loc":{"start":{"line":209,"column":6},"end":{"line":214,"column":7}},"type":"if","locations":[{"start":{"line":209,"column":6},"end":{"line":214,"column":7}},{"start":{},"end":{}}],"line":209},"17":{"loc":{"start":{"line":218,"column":6},"end":{"line":223,"column":7}},"type":"if","locations":[{"start":{"line":218,"column":6},"end":{"line":223,"column":7}},{"start":{},"end":{}}],"line":218},"18":{"loc":{"start":{"line":250,"column":6},"end":{"line":256,"column":7}},"type":"if","locations":[{"start":{"line":250,"column":6},"end":{"line":256,"column":7}},{"start":{},"end":{}}],"line":250},"19":{"loc":{"start":{"line":272,"column":20},"end":{"line":272,"column":77}},"type":"cond-expr","locations":[{"start":{"line":272,"column":55},"end":{"line":272,"column":65}},{"start":{"line":272,"column":68},"end":{"line":272,"column":77}}],"line":272},"20":{"loc":{"start":{"line":293,"column":6},"end":{"line":298,"column":7}},"type":"if","locations":[{"start":{"line":293,"column":6},"end":{"line":298,"column":7}},{"start":{},"end":{}}],"line":293},"21":{"loc":{"start":{"line":328,"column":6},"end":{"line":333,"column":7}},"type":"if","locations":[{"start":{"line":328,"column":6},"end":{"line":333,"column":7}},{"start":{},"end":{}}],"line":328},"22":{"loc":{"start":{"line":359,"column":6},"end":{"line":364,"column":7}},"type":"if","locations":[{"start":{"line":359,"column":6},"end":{"line":364,"column":7}},{"start":{},"end":{}}],"line":359},"23":{"loc":{"start":{"line":369,"column":6},"end":{"line":374,"column":7}},"type":"if","locations":[{"start":{"line":369,"column":6},"end":{"line":374,"column":7}},{"start":{},"end":{}}],"line":369},"24":{"loc":{"start":{"line":369,"column":10},"end":{"line":369,"column":43}},"type":"binary-expr","locations":[{"start":{"line":369,"column":10},"end":{"line":369,"column":15}},{"start":{"line":369,"column":19},"end":{"line":369,"column":43}}],"line":369},"25":{"loc":{"start":{"line":401,"column":6},"end":{"line":406,"column":7}},"type":"if","locations":[{"start":{"line":401,"column":6},"end":{"line":406,"column":7}},{"start":{},"end":{}}],"line":401},"26":{"loc":{"start":{"line":411,"column":6},"end":{"line":416,"column":7}},"type":"if","locations":[{"start":{"line":411,"column":6},"end":{"line":416,"column":7}},{"start":{},"end":{}}],"line":411},"27":{"loc":{"start":{"line":411,"column":10},"end":{"line":411,"column":43}},"type":"binary-expr","locations":[{"start":{"line":411,"column":10},"end":{"line":411,"column":15}},{"start":{"line":411,"column":19},"end":{"line":411,"column":43}}],"line":411}},"s":{"0":1,"1":1,"2":1,"3":1,"4":1,"5":27,"6":27,"7":27,"8":27,"9":0,"10":27,"11":27,"12":27,"13":27,"14":27,"15":27,"16":27,"17":0,"18":0,"19":27,"20":27,"21":27,"22":27,"23":0,"24":27,"25":0,"26":27,"27":27,"28":0,"29":27,"30":27,"31":27,"32":27,"33":27,"34":27,"35":0,"36":0,"37":3,"38":3,"39":3,"40":0,"41":3,"42":0,"43":0,"44":5,"45":5,"46":5,"47":5,"48":0,"49":5,"50":2,"51":5,"52":2,"53":5,"54":1,"55":5,"56":2,"57":5,"58":0,"59":5,"60":0,"61":5,"62":5,"63":5,"64":0,"65":0,"66":0,"67":0,"68":0,"69":0,"70":0,"71":0,"72":0,"73":0,"74":0,"75":0,"76":0,"77":0,"78":0,"79":0,"80":0,"81":0,"82":0,"83":0,"84":0,"85":0,"86":0,"87":0,"88":0,"89":0,"90":0,"91":0,"92":0,"93":0,"94":0,"95":0,"96":0,"97":0,"98":0,"99":0,"100":0,"101":0,"102":0,"103":0,"104":0,"105":0,"106":0,"107":0,"108":0,"109":0,"110":0,"111":0,"112":0,"113":0,"114":0,"115":0,"116":0,"117":0,"118":0,"119":0,"120":0,"121":0,"122":0,"123":0,"124":0,"125":0,"126":0,"127":0,"128":0,"129":0,"130":0,"131":0,"132":0,"133":0,"134":0,"135":0,"136":0,"137":0,"138":0,"139":0,"140":1},"f":{"0":27,"1":27,"2":3,"3":5,"4":0,"5":0,"6":0,"7":0,"8":0,"9":0},"b":{"0":[0],"1":[27],"2":[0,27],"3":[1,26],"4":[0,27],"5":[0,27],"6":[0,27],"7":[0,3],"8":[0,5],"9":[2,3],"10":[2,3],"11":[1,4],"12":[2,3],"13":[0,5],"14":[5,0],"15":[0,5],"16":[0,0],"17":[0,0],"18":[0,0],"19":[0,0],"20":[0,0],"21":[0,0],"22":[0,0],"23":[0,0],"24":[0,0],"25":[0,0],"26":[0,0],"27":[0,0]},"_coverageSchema":"1a1c01bbd47fc00a2c39e90264f33305004495a9","hash":"1fe4fb8c33374d39794a662c969fbf4c7cfd3709"}
,"C:\\Users\\PAES\\Desktop\\Devs\\har-academy\\packages\\backend\\auth-service\\src\\middleware\\auth.js": {"path":"C:\\Users\\PAES\\Desktop\\Devs\\har-academy\\packages\\backend\\auth-service\\src\\middleware\\auth.js","statementMap":{"0":{"start":{"line":1,"column":12},"end":{"line":1,"column":35}},"1":{"start":{"line":2,"column":17},"end":{"line":2,"column":37}},"2":{"start":{"line":3,"column":15},"end":{"line":3,"column":35}},"3":{"start":{"line":5,"column":21},"end":{"line":35,"column":1}},"4":{"start":{"line":6,"column":2},"end":{"line":34,"column":3}},"5":{"start":{"line":7,"column":18},"end":{"line":7,"column":58}},"6":{"start":{"line":9,"column":4},"end":{"line":14,"column":5}},"7":{"start":{"line":10,"column":6},"end":{"line":13,"column":9}},"8":{"start":{"line":16,"column":20},"end":{"line":16,"column":56}},"9":{"start":{"line":19,"column":17},"end":{"line":19,"column":53}},"10":{"start":{"line":20,"column":4},"end":{"line":25,"column":5}},"11":{"start":{"line":21,"column":6},"end":{"line":24,"column":9}},"12":{"start":{"line":27,"column":4},"end":{"line":27,"column":23}},"13":{"start":{"line":28,"column":4},"end":{"line":28,"column":11}},"14":{"start":{"line":30,"column":4},"end":{"line":33,"column":7}},"15":{"start":{"line":37,"column":18},"end":{"line":55,"column":1}},"16":{"start":{"line":38,"column":2},"end":{"line":54,"column":4}},"17":{"start":{"line":39,"column":4},"end":{"line":44,"column":5}},"18":{"start":{"line":40,"column":6},"end":{"line":43,"column":9}},"19":{"start":{"line":46,"column":4},"end":{"line":51,"column":5}},"20":{"start":{"line":47,"column":6},"end":{"line":50,"column":9}},"21":{"start":{"line":53,"column":4},"end":{"line":53,"column":11}},"22":{"start":{"line":57,"column":0},"end":{"line":57,"column":45}}},"fnMap":{"0":{"name":"(anonymous_0)","decl":{"start":{"line":5,"column":21},"end":{"line":5,"column":22}},"loc":{"start":{"line":5,"column":47},"end":{"line":35,"column":1}},"line":5},"1":{"name":"(anonymous_1)","decl":{"start":{"line":37,"column":18},"end":{"line":37,"column":19}},"loc":{"start":{"line":37,"column":32},"end":{"line":55,"column":1}},"line":37},"2":{"name":"(anonymous_2)","decl":{"start":{"line":38,"column":9},"end":{"line":38,"column":10}},"loc":{"start":{"line":38,"column":29},"end":{"line":54,"column":3}},"line":38}},"branchMap":{"0":{"loc":{"start":{"line":9,"column":4},"end":{"line":14,"column":5}},"type":"if","locations":[{"start":{"line":9,"column":4},"end":{"line":14,"column":5}},{"start":{},"end":{}}],"line":9},"1":{"loc":{"start":{"line":20,"column":4},"end":{"line":25,"column":5}},"type":"if","locations":[{"start":{"line":20,"column":4},"end":{"line":25,"column":5}},{"start":{},"end":{}}],"line":20},"2":{"loc":{"start":{"line":20,"column":8},"end":{"line":20,"column":41}},"type":"binary-expr","locations":[{"start":{"line":20,"column":8},"end":{"line":20,"column":13}},{"start":{"line":20,"column":17},"end":{"line":20,"column":41}}],"line":20},"3":{"loc":{"start":{"line":39,"column":4},"end":{"line":44,"column":5}},"type":"if","locations":[{"start":{"line":39,"column":4},"end":{"line":44,"column":5}},{"start":{},"end":{}}],"line":39},"4":{"loc":{"start":{"line":46,"column":4},"end":{"line":51,"column":5}},"type":"if","locations":[{"start":{"line":46,"column":4},"end":{"line":51,"column":5}},{"start":{},"end":{}}],"line":46}},"s":{"0":1,"1":1,"2":1,"3":1,"4":17,"5":17,"6":17,"7":3,"8":14,"9":12,"10":12,"11":1,"12":11,"13":11,"14":2,"15":1,"16":0,"17":0,"18":0,"19":0,"20":0,"21":0,"22":1},"f":{"0":17,"1":0,"2":0},"b":{"0":[3,14],"1":[1,11],"2":[12,11],"3":[0,0],"4":[0,0]},"_coverageSchema":"1a1c01bbd47fc00a2c39e90264f33305004495a9","hash":"9c4d62b0c80b28a952604ba7c07c88225d46d066"}
,"C:\\Users\\PAES\\Desktop\\Devs\\har-academy\\packages\\backend\\auth-service\\src\\middleware\\validation.js": {"path":"C:\\Users\\PAES\\Desktop\\Devs\\har-academy\\packages\\backend\\auth-service\\src\\middleware\\validation.js","statementMap":{"0":{"start":{"line":1,"column":17},"end":{"line":22,"column":1}},"1":{"start":{"line":2,"column":2},"end":{"line":21,"column":4}},"2":{"start":{"line":3,"column":22},"end":{"line":3,"column":70}},"3":{"start":{"line":5,"column":4},"end":{"line":18,"column":5}},"4":{"start":{"line":6,"column":21},"end":{"line":9,"column":9}},"5":{"start":{"line":6,"column":50},"end":{"line":9,"column":7}},"6":{"start":{"line":11,"column":6},"end":{"line":17,"column":9}},"7":{"start":{"line":20,"column":4},"end":{"line":20,"column":11}},"8":{"start":{"line":24,"column":0},"end":{"line":24,"column":30}}},"fnMap":{"0":{"name":"(anonymous_0)","decl":{"start":{"line":1,"column":17},"end":{"line":1,"column":18}},"loc":{"start":{"line":1,"column":29},"end":{"line":22,"column":1}},"line":1},"1":{"name":"(anonymous_1)","decl":{"start":{"line":2,"column":9},"end":{"line":2,"column":10}},"loc":{"start":{"line":2,"column":29},"end":{"line":21,"column":3}},"line":2},"2":{"name":"(anonymous_2)","decl":{"start":{"line":6,"column":39},"end":{"line":6,"column":40}},"loc":{"start":{"line":6,"column":50},"end":{"line":9,"column":7}},"line":6}},"branchMap":{"0":{"loc":{"start":{"line":5,"column":4},"end":{"line":18,"column":5}},"type":"if","locations":[{"start":{"line":5,"column":4},"end":{"line":18,"column":5}},{"start":{},"end":{}}],"line":5}},"s":{"0":1,"1":8,"2":62,"3":62,"4":3,"5":3,"6":3,"7":59,"8":1},"f":{"0":8,"1":62,"2":3},"b":{"0":[3,59]},"_coverageSchema":"1a1c01bbd47fc00a2c39e90264f33305004495a9","hash":"d2ad438163383004ea25619f31dbc1e3ae90983c"}
,"C:\\Users\\PAES\\Desktop\\Devs\\har-academy\\packages\\backend\\auth-service\\src\\models\\index.js": {"path":"C:\\Users\\PAES\\Desktop\\Devs\\har-academy\\packages\\backend\\auth-service\\src\\models\\index.js","statementMap":{"0":{"start":{"line":1,"column":17},"end":{"line":1,"column":36}},"1":{"start":{"line":2,"column":15},"end":{"line":2,"column":35}},"2":{"start":{"line":3,"column":15},"end":{"line":3,"column":41}},"3":{"start":{"line":5,"column":18},"end":{"line":16,"column":1}},"4":{"start":{"line":6,"column":2},"end":{"line":15,"column":3}},"5":{"start":{"line":7,"column":4},"end":{"line":10,"column":7}},"6":{"start":{"line":11,"column":4},"end":{"line":11,"column":67}},"7":{"start":{"line":13,"column":4},"end":{"line":13,"column":54}},"8":{"start":{"line":14,"column":4},"end":{"line":14,"column":20}},"9":{"start":{"line":19,"column":13},"end":{"line":19,"column":30}},"10":{"start":{"line":21,"column":0},"end":{"line":24,"column":2}}},"fnMap":{"0":{"name":"(anonymous_0)","decl":{"start":{"line":5,"column":18},"end":{"line":5,"column":19}},"loc":{"start":{"line":5,"column":30},"end":{"line":16,"column":1}},"line":5}},"branchMap":{},"s":{"0":1,"1":1,"2":1,"3":1,"4":0,"5":0,"6":0,"7":0,"8":0,"9":1,"10":1},"f":{"0":0},"b":{},"_coverageSchema":"1a1c01bbd47fc00a2c39e90264f33305004495a9","hash":"d95ecf53dbe2d519aff8ff80a5eba1aa56b7108b"}
,"C:\\Users\\PAES\\Desktop\\Devs\\har-academy\\packages\\backend\\auth-service\\src\\models\\user.js": {"path":"C:\\Users\\PAES\\Desktop\\Devs\\har-academy\\packages\\backend\\auth-service\\src\\models\\user.js","statementMap":{"0":{"start":{"line":1,"column":17},"end":{"line":1,"column":36}},"1":{"start":{"line":2,"column":15},"end":{"line":2,"column":34}},"2":{"start":{"line":3,"column":12},"end":{"line":3,"column":35}},"3":{"start":{"line":5,"column":19},"end":{"line":98,"column":2}},"4":{"start":{"line":13,"column":24},"end":{"line":13,"column":60}},"5":{"start":{"line":101,"column":0},"end":{"line":101,"column":31}},"6":{"start":{"line":102,"column":0},"end":{"line":102,"column":30}},"7":{"start":{"line":103,"column":0},"end":{"line":103,"column":32}},"8":{"start":{"line":104,"column":0},"end":{"line":104,"column":58}},"9":{"start":{"line":105,"column":0},"end":{"line":105,"column":46}},"10":{"start":{"line":106,"column":0},"end":{"line":106,"column":44}},"11":{"start":{"line":109,"column":0},"end":{"line":115,"column":3}},"12":{"start":{"line":110,"column":2},"end":{"line":112,"column":3}},"13":{"start":{"line":111,"column":4},"end":{"line":111,"column":67}},"14":{"start":{"line":113,"column":2},"end":{"line":113,"column":31}},"15":{"start":{"line":114,"column":2},"end":{"line":114,"column":9}},"16":{"start":{"line":118,"column":0},"end":{"line":120,"column":2}},"17":{"start":{"line":119,"column":2},"end":{"line":119,"column":63}},"18":{"start":{"line":123,"column":0},"end":{"line":135,"column":2}},"19":{"start":{"line":124,"column":2},"end":{"line":134,"column":4}},"20":{"start":{"line":138,"column":0},"end":{"line":146,"column":2}},"21":{"start":{"line":139,"column":2},"end":{"line":145,"column":4}},"22":{"start":{"line":149,"column":0},"end":{"line":158,"column":2}},"23":{"start":{"line":150,"column":2},"end":{"line":157,"column":4}},"24":{"start":{"line":161,"column":0},"end":{"line":163,"column":2}},"25":{"start":{"line":162,"column":2},"end":{"line":162,"column":54}},"26":{"start":{"line":166,"column":0},"end":{"line":166,"column":72}},"27":{"start":{"line":169,"column":0},"end":{"line":177,"column":2}},"28":{"start":{"line":170,"column":15},"end":{"line":170,"column":30}},"29":{"start":{"line":171,"column":2},"end":{"line":171,"column":28}},"30":{"start":{"line":172,"column":2},"end":{"line":172,"column":35}},"31":{"start":{"line":173,"column":2},"end":{"line":173,"column":37}},"32":{"start":{"line":174,"column":2},"end":{"line":174,"column":33}},"33":{"start":{"line":175,"column":2},"end":{"line":175,"column":18}},"34":{"start":{"line":176,"column":2},"end":{"line":176,"column":14}},"35":{"start":{"line":179,"column":13},"end":{"line":179,"column":47}},"36":{"start":{"line":181,"column":0},"end":{"line":181,"column":22}}},"fnMap":{"0":{"name":"(anonymous_0)","decl":{"start":{"line":13,"column":17},"end":{"line":13,"column":18}},"loc":{"start":{"line":13,"column":24},"end":{"line":13,"column":60}},"line":13},"1":{"name":"(anonymous_1)","decl":{"start":{"line":109,"column":23},"end":{"line":109,"column":24}},"loc":{"start":{"line":109,"column":45},"end":{"line":115,"column":1}},"line":109},"2":{"name":"(anonymous_2)","decl":{"start":{"line":118,"column":37},"end":{"line":118,"column":38}},"loc":{"start":{"line":118,"column":72},"end":{"line":120,"column":1}},"line":118},"3":{"name":"(anonymous_3)","decl":{"start":{"line":123,"column":35},"end":{"line":123,"column":36}},"loc":{"start":{"line":123,"column":47},"end":{"line":135,"column":1}},"line":123},"4":{"name":"(anonymous_4)","decl":{"start":{"line":138,"column":42},"end":{"line":138,"column":43}},"loc":{"start":{"line":138,"column":54},"end":{"line":146,"column":1}},"line":138},"5":{"name":"(anonymous_5)","decl":{"start":{"line":149,"column":38},"end":{"line":149,"column":39}},"loc":{"start":{"line":149,"column":50},"end":{"line":158,"column":1}},"line":149},"6":{"name":"(anonymous_6)","decl":{"start":{"line":161,"column":33},"end":{"line":161,"column":34}},"loc":{"start":{"line":161,"column":50},"end":{"line":163,"column":1}},"line":161},"7":{"name":"(anonymous_7)","decl":{"start":{"line":169,"column":28},"end":{"line":169,"column":29}},"loc":{"start":{"line":169,"column":40},"end":{"line":177,"column":1}},"line":169}},"branchMap":{"0":{"loc":{"start":{"line":110,"column":2},"end":{"line":112,"column":3}},"type":"if","locations":[{"start":{"line":110,"column":2},"end":{"line":112,"column":3}},{"start":{},"end":{}}],"line":110},"1":{"loc":{"start":{"line":133,"column":17},"end":{"line":133,"column":48}},"type":"binary-expr","locations":[{"start":{"line":133,"column":17},"end":{"line":133,"column":39}},{"start":{"line":133,"column":43},"end":{"line":133,"column":48}}],"line":133},"2":{"loc":{"start":{"line":144,"column":17},"end":{"line":144,"column":55}},"type":"binary-expr","locations":[{"start":{"line":144,"column":17},"end":{"line":144,"column":47}},{"start":{"line":144,"column":51},"end":{"line":144,"column":55}}],"line":144},"3":{"loc":{"start":{"line":156,"column":21},"end":{"line":156,"column":82}},"type":"cond-expr","locations":[{"start":{"line":156,"column":50},"end":{"line":156,"column":70}},{"start":{"line":156,"column":73},"end":{"line":156,"column":82}}],"line":156}},"s":{"0":1,"1":1,"2":1,"3":1,"4":59,"5":1,"6":1,"7":1,"8":1,"9":1,"10":1,"11":1,"12":59,"13":27,"14":59,"15":59,"16":1,"17":27,"18":1,"19":54,"20":1,"21":54,"22":1,"23":0,"24":1,"25":54,"26":1,"27":1,"28":62,"29":62,"30":62,"31":62,"32":62,"33":62,"34":62,"35":1,"36":1},"f":{"0":59,"1":59,"2":27,"3":54,"4":54,"5":0,"6":54,"7":62},"b":{"0":[27,32],"1":[54,54],"2":[54,54],"3":[0,0]},"_coverageSchema":"1a1c01bbd47fc00a2c39e90264f33305004495a9","hash":"ef9c8de666ef326a2e55b21a9d19583896471198"}
,"C:\\Users\\PAES\\Desktop\\Devs\\har-academy\\packages\\backend\\auth-service\\src\\routes\\auth.routes.js": {"path":"C:\\Users\\PAES\\Desktop\\Devs\\har-academy\\packages\\backend\\auth-service\\src\\routes\\auth.routes.js","statementMap":{"0":{"start":{"line":1,"column":16},"end":{"line":1,"column":34}},"1":{"start":{"line":2,"column":15},"end":{"line":2,"column":31}},"2":{"start":{"line":3,"column":23},"end":{"line":3,"column":64}},"3":{"start":{"line":4,"column":36},"end":{"line":4,"column":65}},"4":{"start":{"line":5,"column":21},"end":{"line":5,"column":56}},"5":{"start":{"line":6,"column":12},"end":{"line":6,"column":26}},"6":{"start":{"line":9,"column":23},"end":{"line":16,"column":2}},"7":{"start":{"line":18,"column":20},"end":{"line":21,"column":2}},"8":{"start":{"line":23,"column":28},"end":{"line":38,"column":2}},"9":{"start":{"line":40,"column":29},"end":{"line":43,"column":2}},"10":{"start":{"line":45,"column":27},"end":{"line":47,"column":2}},"11":{"start":{"line":49,"column":28},"end":{"line":52,"column":2}},"12":{"start":{"line":54,"column":26},"end":{"line":56,"column":2}},"13":{"start":{"line":58,"column":27},"end":{"line":60,"column":2}},"14":{"start":{"line":63,"column":0},"end":{"line":63,"column":76}},"15":{"start":{"line":64,"column":0},"end":{"line":64,"column":67}},"16":{"start":{"line":65,"column":0},"end":{"line":65,"column":86}},"17":{"start":{"line":66,"column":0},"end":{"line":66,"column":106}},"18":{"start":{"line":67,"column":0},"end":{"line":67,"column":92}},"19":{"start":{"line":68,"column":0},"end":{"line":68,"column":89}},"20":{"start":{"line":69,"column":0},"end":{"line":69,"column":52}},"21":{"start":{"line":72,"column":0},"end":{"line":72,"column":54}},"22":{"start":{"line":73,"column":0},"end":{"line":73,"column":98}},"23":{"start":{"line":74,"column":0},"end":{"line":74,"column":109}},"24":{"start":{"line":76,"column":0},"end":{"line":76,"column":24}}},"fnMap":{},"branchMap":{},"s":{"0":1,"1":1,"2":1,"3":1,"4":1,"5":1,"6":1,"7":1,"8":1,"9":1,"10":1,"11":1,"12":1,"13":1,"14":1,"15":1,"16":1,"17":1,"18":1,"19":1,"20":1,"21":1,"22":1,"23":1,"24":1},"f":{},"b":{},"_coverageSchema":"1a1c01bbd47fc00a2c39e90264f33305004495a9","hash":"2917f42c2fe969bd048a1806aacf6bad30571614"}
,"C:\\Users\\PAES\\Desktop\\Devs\\har-academy\\packages\\backend\\auth-service\\src\\utils\\logger.js": {"path":"C:\\Users\\PAES\\Desktop\\Devs\\har-academy\\packages\\backend\\auth-service\\src\\utils\\logger.js","statementMap":{"0":{"start":{"line":1,"column":45},"end":{"line":1,"column":63}},"1":{"start":{"line":2,"column":55},"end":{"line":2,"column":61}},"2":{"start":{"line":4,"column":15},"end":{"line":24,"column":2}},"3":{"start":{"line":17,"column":10},"end":{"line":19,"column":13}},"4":{"start":{"line":26,"column":0},"end":{"line":26,"column":24}}},"fnMap":{"0":{"name":"(anonymous_0)","decl":{"start":{"line":16,"column":15},"end":{"line":16,"column":16}},"loc":{"start":{"line":16,"column":59},"end":{"line":20,"column":9}},"line":16}},"branchMap":{"0":{"loc":{"start":{"line":5,"column":9},"end":{"line":5,"column":40}},"type":"binary-expr","locations":[{"start":{"line":5,"column":9},"end":{"line":5,"column":30}},{"start":{"line":5,"column":34},"end":{"line":5,"column":40}}],"line":5},"1":{"loc":{"start":{"line":18,"column":12},"end":{"line":18,"column":73}},"type":"cond-expr","locations":[{"start":{"line":18,"column":39},"end":{"line":18,"column":68}},{"start":{"line":18,"column":71},"end":{"line":18,"column":73}}],"line":18}},"s":{"0":1,"1":1,"2":1,"3":130,"4":1},"f":{"0":130},"b":{"0":[1,1],"1":[130,0]},"_coverageSchema":"1a1c01bbd47fc00a2c39e90264f33305004495a9","hash":"36454e1783181ce30f380c05cc99bbac943295a9"}
}
