TN:
SF:src\app.js
FN:13,(anonymous_0)
FN:18,(anonymous_1)
FN:26,(anonymous_2)
FN:34,(anonymous_3)
FNF:4
FNH:1
FNDA:71,(anonymous_0)
FNDA:0,(anonymous_1)
FNDA:0,(anonymous_2)
FNDA:0,(anonymous_3)
DA:1,1
DA:2,1
DA:3,1
DA:4,1
DA:5,1
DA:6,1
DA:8,1
DA:11,1
DA:12,1
DA:13,71
DA:14,1
DA:15,1
DA:18,1
DA:19,0
DA:23,1
DA:26,1
DA:27,0
DA:34,1
DA:35,0
DA:36,0
DA:42,1
LF:21
LH:17
BRF:0
BRH:0
end_of_record
TN:
SF:src\config\index.js
FNF:0
FNH:0
DA:1,1
DA:3,1
LF:2
LH:2
BRDA:4,0,0,1
BRDA:4,0,1,0
BRDA:5,1,0,1
BRDA:5,1,1,0
BRDA:6,2,0,1
BRDA:6,2,1,0
BRDA:8,3,0,1
BRDA:8,3,1,0
BRDA:9,4,0,1
BRDA:9,4,1,0
BRDA:10,5,0,1
BRDA:10,5,1,0
BRDA:13,6,0,1
BRDA:13,6,1,1
BRF:14
BRH:8
end_of_record
TN:
SF:src\controllers\auth.controller.js
FN:9,(anonymous_0)
FN:69,(anonymous_1)
FN:127,(anonymous_2)
FN:152,(anonymous_3)
FN:204,(anonymous_4)
FN:245,(anonymous_5)
FN:284,(anonymous_6)
FN:323,(anonymous_7)
FN:355,(anonymous_8)
FN:397,(anonymous_9)
FNF:10
FNH:4
FNDA:27,(anonymous_0)
FNDA:27,(anonymous_1)
FNDA:3,(anonymous_2)
FNDA:5,(anonymous_3)
FNDA:0,(anonymous_4)
FNDA:0,(anonymous_5)
FNDA:0,(anonymous_6)
FNDA:0,(anonymous_7)
FNDA:0,(anonymous_8)
FNDA:0,(anonymous_9)
DA:1,1
DA:2,1
DA:3,1
DA:4,1
DA:5,1
DA:10,27
DA:11,27
DA:14,27
DA:15,27
DA:16,0
DA:23,27
DA:26,27
DA:43,27
DA:46,27
DA:47,27
DA:49,27
DA:51,27
DA:60,0
DA:61,0
DA:70,27
DA:71,27
DA:74,27
DA:75,27
DA:76,0
DA:83,27
DA:84,0
DA:91,27
DA:92,27
DA:93,0
DA:100,27
DA:101,27
DA:104,27
DA:105,27
DA:107,27
DA:109,27
DA:118,0
DA:119,0
DA:128,3
DA:129,3
DA:131,3
DA:132,0
DA:138,3
DA:143,0
DA:144,0
DA:153,5
DA:154,5
DA:156,5
DA:157,5
DA:158,0
DA:165,5
DA:166,5
DA:167,5
DA:168,5
DA:171,5
DA:172,0
DA:179,5
DA:180,0
DA:186,5
DA:188,5
DA:190,5
DA:195,0
DA:196,0
DA:205,0
DA:206,0
DA:208,0
DA:209,0
DA:210,0
DA:217,0
DA:218,0
DA:219,0
DA:226,0
DA:227,0
DA:229,0
DA:231,0
DA:236,0
DA:237,0
DA:246,0
DA:247,0
DA:249,0
DA:250,0
DA:252,0
DA:259,0
DA:260,0
DA:261,0
DA:263,0
DA:266,0
DA:268,0
DA:275,0
DA:276,0
DA:285,0
DA:286,0
DA:288,0
DA:293,0
DA:294,0
DA:301,0
DA:302,0
DA:303,0
DA:305,0
DA:307,0
DA:309,0
DA:314,0
DA:315,0
DA:324,0
DA:325,0
DA:327,0
DA:328,0
DA:329,0
DA:335,0
DA:336,0
DA:337,0
DA:339,0
DA:341,0
DA:346,0
DA:347,0
DA:356,0
DA:357,0
DA:359,0
DA:360,0
DA:366,0
DA:367,0
DA:369,0
DA:370,0
DA:376,0
DA:389,0
DA:398,0
DA:399,0
DA:401,0
DA:402,0
DA:408,0
DA:409,0
DA:411,0
DA:412,0
DA:418,0
DA:419,0
DA:421,0
DA:429,0
DA:437,1
LF:137
LH:47
BRDA:11,0,0,0
BRDA:11,1,0,27
BRDA:15,2,0,0
BRDA:15,2,1,27
BRDA:34,3,0,1
BRDA:34,3,1,26
BRDA:75,4,0,0
BRDA:75,4,1,27
BRDA:83,5,0,0
BRDA:83,5,1,27
BRDA:92,6,0,0
BRDA:92,6,1,27
BRDA:131,7,0,0
BRDA:131,7,1,3
BRDA:157,8,0,0
BRDA:157,8,1,5
BRDA:165,9,0,2
BRDA:165,9,1,3
BRDA:166,10,0,2
BRDA:166,10,1,3
BRDA:167,11,0,1
BRDA:167,11,1,4
BRDA:168,12,0,2
BRDA:168,12,1,3
BRDA:171,13,0,0
BRDA:171,13,1,5
BRDA:171,14,0,5
BRDA:171,14,1,0
BRDA:179,15,0,0
BRDA:179,15,1,5
BRDA:209,16,0,0
BRDA:209,16,1,0
BRDA:218,17,0,0
BRDA:218,17,1,0
BRDA:250,18,0,0
BRDA:250,18,1,0
BRDA:272,19,0,0
BRDA:272,19,1,0
BRDA:293,20,0,0
BRDA:293,20,1,0
BRDA:328,21,0,0
BRDA:328,21,1,0
BRDA:359,22,0,0
BRDA:359,22,1,0
BRDA:369,23,0,0
BRDA:369,23,1,0
BRDA:369,24,0,0
BRDA:369,24,1,0
BRDA:401,25,0,0
BRDA:401,25,1,0
BRDA:411,26,0,0
BRDA:411,26,1,0
BRDA:411,27,0,0
BRDA:411,27,1,0
BRF:54
BRH:20
end_of_record
TN:
SF:src\middleware\auth.js
FN:5,(anonymous_0)
FN:37,(anonymous_1)
FN:38,(anonymous_2)
FNF:3
FNH:1
FNDA:17,(anonymous_0)
FNDA:0,(anonymous_1)
FNDA:0,(anonymous_2)
DA:1,1
DA:2,1
DA:3,1
DA:5,1
DA:6,17
DA:7,17
DA:9,17
DA:10,3
DA:16,14
DA:19,12
DA:20,12
DA:21,1
DA:27,11
DA:28,11
DA:30,2
DA:37,1
DA:38,0
DA:39,0
DA:40,0
DA:46,0
DA:47,0
DA:53,0
DA:57,1
LF:23
LH:17
BRDA:9,0,0,3
BRDA:9,0,1,14
BRDA:20,1,0,1
BRDA:20,1,1,11
BRDA:20,2,0,12
BRDA:20,2,1,11
BRDA:39,3,0,0
BRDA:39,3,1,0
BRDA:46,4,0,0
BRDA:46,4,1,0
BRF:10
BRH:6
end_of_record
TN:
SF:src\middleware\validation.js
FN:1,(anonymous_0)
FN:2,(anonymous_1)
FN:6,(anonymous_2)
FNF:3
FNH:3
FNDA:8,(anonymous_0)
FNDA:62,(anonymous_1)
FNDA:3,(anonymous_2)
DA:1,1
DA:2,8
DA:3,62
DA:5,62
DA:6,3
DA:11,3
DA:20,59
DA:24,1
LF:8
LH:8
BRDA:5,0,0,3
BRDA:5,0,1,59
BRF:2
BRH:2
end_of_record
TN:
SF:src\models\index.js
FN:5,(anonymous_0)
FNF:1
FNH:0
FNDA:0,(anonymous_0)
DA:1,1
DA:2,1
DA:3,1
DA:5,1
DA:6,0
DA:7,0
DA:11,0
DA:13,0
DA:14,0
DA:19,1
DA:21,1
LF:11
LH:6
BRF:0
BRH:0
end_of_record
TN:
SF:src\models\user.js
FN:13,(anonymous_0)
FN:109,(anonymous_1)
FN:118,(anonymous_2)
FN:123,(anonymous_3)
FN:138,(anonymous_4)
FN:149,(anonymous_5)
FN:161,(anonymous_6)
FN:169,(anonymous_7)
FNF:8
FNH:7
FNDA:59,(anonymous_0)
FNDA:59,(anonymous_1)
FNDA:27,(anonymous_2)
FNDA:54,(anonymous_3)
FNDA:54,(anonymous_4)
FNDA:0,(anonymous_5)
FNDA:54,(anonymous_6)
FNDA:62,(anonymous_7)
DA:1,1
DA:2,1
DA:3,1
DA:5,1
DA:13,59
DA:101,1
DA:102,1
DA:103,1
DA:104,1
DA:105,1
DA:106,1
DA:109,1
DA:110,59
DA:111,27
DA:113,59
DA:114,59
DA:118,1
DA:119,27
DA:123,1
DA:124,54
DA:138,1
DA:139,54
DA:149,1
DA:150,0
DA:161,1
DA:162,54
DA:166,1
DA:169,1
DA:170,62
DA:171,62
DA:172,62
DA:173,62
DA:174,62
DA:175,62
DA:176,62
DA:179,1
DA:181,1
LF:37
LH:36
BRDA:110,0,0,27
BRDA:110,0,1,32
BRDA:133,1,0,54
BRDA:133,1,1,54
BRDA:144,2,0,54
BRDA:144,2,1,54
BRDA:156,3,0,0
BRDA:156,3,1,0
BRF:8
BRH:6
end_of_record
TN:
SF:src\routes\auth.routes.js
FNF:0
FNH:0
DA:1,1
DA:2,1
DA:3,1
DA:4,1
DA:5,1
DA:6,1
DA:9,1
DA:18,1
DA:23,1
DA:40,1
DA:45,1
DA:49,1
DA:54,1
DA:58,1
DA:63,1
DA:64,1
DA:65,1
DA:66,1
DA:67,1
DA:68,1
DA:69,1
DA:72,1
DA:73,1
DA:74,1
DA:76,1
LF:25
LH:25
BRF:0
BRH:0
end_of_record
TN:
SF:src\utils\logger.js
FN:16,(anonymous_0)
FNF:1
FNH:1
FNDA:130,(anonymous_0)
DA:1,1
DA:2,1
DA:4,1
DA:17,130
DA:26,1
LF:5
LH:5
BRDA:5,0,0,1
BRDA:5,0,1,1
BRDA:18,1,0,130
BRDA:18,1,1,0
BRF:4
BRH:3
end_of_record
